{
  "RSpec": {
    "coverage": {
      "/Users/quinnkrug/turing/3module/sweater_weather_api/app/models/forecast_data.rb": [
        1,
        null,
        1,
        3,
        null,
        null,
        1,
        2,
        null,
        null,
        1,
        2,
        null,
        null,
        1,
        2,
        null,
        null,
        1,
        2,
        null,
        null,
        1,
        6,
        null,
        1,
        null,
        1,
        4,
        null,
        null,
        1,
        2,
        null,
        null,
        1,
        2,
        null,
        null,
        1,
        2,
        null,
        null,
        null,
        null,
        null
      ],
      "/Users/quinnkrug/turing/3module/sweater_weather_api/spec/models/user_spec.rb": [
        1,
        null,
        1,
        null,
        1,
        1,
        1,
        null,
        null,
        1,
        1,
        1,
        1,
        null,
        1,
        null,
        null
      ],
      "/Users/quinnkrug/turing/3module/sweater_weather_api/app/models/user.rb": [
        1,
        1,
        1,
        null,
        1,
        2,
        null,
        null,
        null
      ],
      "/Users/quinnkrug/turing/3module/sweater_weather_api/app/models/application_record.rb": [
        1,
        1,
        null
      ],
      "/Users/quinnkrug/turing/3module/sweater_weather_api/spec/requests/api/v1/forecast_spec.rb": [
        1,
        null,
        1,
        1,
        1,
        null,
        1,
        null,
        1,
        null,
        1,
        null,
        1,
        1,
        1,
        1,
        null,
        null,
        null
      ],
      "/Users/quinnkrug/turing/3module/sweater_weather_api/spec/requests/api/v1/giphy_spec.rb": [
        1,
        null,
        1,
        1,
        1,
        null,
        1,
        null,
        0,
        0,
        0,
        null,
        0,
        0,
        0,
        0,
        0,
        null,
        null,
        null,
        null
      ],
      "/Users/quinnkrug/turing/3module/sweater_weather_api/spec/requests/api/v1/user_spec.rb": [
        1,
        null,
        1,
        1,
        1,
        null,
        1,
        null,
        1,
        null,
        1,
        null,
        1,
        1,
        null,
        null,
        null,
        1,
        1,
        null,
        1,
        null,
        1,
        null,
        null,
        null
      ],
      "/Users/quinnkrug/turing/3module/sweater_weather_api/spec/services/dark_sky_service_spec.rb": [
        1,
        null,
        1,
        2,
        null,
        1,
        1,
        null,
        null,
        1,
        1,
        1,
        1,
        1,
        1,
        null,
        1,
        1,
        1,
        1,
        1,
        null,
        null,
        null
      ],
      "/Users/quinnkrug/turing/3module/sweater_weather_api/app/services/dark_sky_service.rb": [
        1,
        null,
        null,
        1,
        3,
        null,
        null,
        1,
        null,
        1,
        3,
        null,
        3,
        null,
        null,
        1,
        3,
        null,
        null,
        null
      ],
      "/Users/quinnkrug/turing/3module/sweater_weather_api/spec/services/google_service_spec.rb": [
        1,
        null,
        1,
        2,
        null,
        1,
        1,
        null,
        null,
        1,
        1,
        1,
        1,
        1,
        null,
        1,
        1,
        1,
        1,
        null,
        null,
        null
      ],
      "/Users/quinnkrug/turing/3module/sweater_weather_api/app/services/google_service.rb": [
        1,
        null,
        1,
        3,
        null,
        null,
        1,
        3,
        null,
        null,
        1,
        7,
        null,
        null,
        1,
        null,
        1,
        7,
        null,
        7,
        null,
        null,
        1,
        7,
        null,
        null,
        null
      ],
      "/Users/quinnkrug/turing/3module/sweater_weather_api/app/controllers/api/v1/forecast_controller.rb": [
        1,
        null,
        1,
        1,
        1,
        null,
        null,
        null
      ],
      "/Users/quinnkrug/turing/3module/sweater_weather_api/app/controllers/application_controller.rb": [
        1,
        null
      ],
      "/Users/quinnkrug/turing/3module/sweater_weather_api/app/serializers/forecast_data_serializer.rb": [
        1,
        1,
        1,
        1,
        null
      ],
      "/Users/quinnkrug/turing/3module/sweater_weather_api/app/controllers/api/v1/gifs_controller.rb": [
        1,
        null,
        1,
        1,
        1,
        null,
        null,
        null
      ],
      "/Users/quinnkrug/turing/3module/sweater_weather_api/app/models/gif_builder.rb": [
        1,
        null,
        1,
        1,
        null,
        null,
        1,
        0,
        null,
        null,
        null,
        null,
        null,
        null,
        null,
        null,
        null,
        null,
        null,
        null,
        null,
        null,
        1,
        0,
        null,
        1,
        null,
        1,
        0,
        null,
        null,
        1,
        0,
        null,
        null,
        1,
        0,
        null,
        null,
        1,
        0,
        null,
        null,
        null,
        null,
        null
      ],
      "/Users/quinnkrug/turing/3module/sweater_weather_api/app/controllers/api/v1/users_controller.rb": [
        1,
        null,
        1,
        null,
        2,
        2,
        1,
        1,
        null,
        1,
        null,
        null,
        null,
        null,
        1,
        null,
        1,
        8,
        null,
        null
      ]
    },
    "timestamp": 1546619284
  }
}
