{
  "RSpec": {
    "coverage": {
      "/Users/quinnkrug/turing/3module/sweater_weather_api/app/models/gif_builder.rb": [
        1,
        null,
        1,
        3,
        null,
        null,
        1,
        0,
        null,
        null,
        1,
        4,
        null,
        null,
        1,
        3,
        24,
        null,
        null,
        null,
        1,
        1,
        8,
        8,
        8,
        8,
        8,
        null,
        null,
        null,
        1,
        null,
        1,
        4,
        null,
        null,
        1,
        2,
        null,
        null,
        1,
        2,
        null,
        null,
        1,
        2,
        null,
        null,
        1,
        8,
        null,
        null,
        1,
        4,
        null,
        null,
        null
      ],
      "/Users/quinnkrug/turing/3module/sweater_weather_api/app/services/dark_sky_service.rb": [
        1,
        null,
        null,
        1,
        2,
        null,
        null,
        1,
        null,
        1,
        2,
        null,
        2,
        null,
        null,
        1,
        2,
        null,
        null,
        null
      ],
      "/Users/quinnkrug/turing/3module/sweater_weather_api/app/services/google_service.rb": [
        1,
        null,
        1,
        2,
        null,
        null,
        1,
        2,
        null,
        null,
        1,
        4,
        null,
        null,
        1,
        null,
        1,
        4,
        null,
        4,
        null,
        null,
        1,
        4,
        null,
        null,
        null
      ],
      "/Users/quinnkrug/turing/3module/sweater_weather_api/app/services/giphy_service.rb": [
        1,
        null,
        null,
        1,
        8,
        null,
        null,
        1,
        8,
        null,
        null,
        1,
        null,
        1,
        8,
        null,
        8,
        null,
        null,
        1,
        8,
        null,
        null,
        null
      ]
    },
    "timestamp": 1546623006
  }
}
